<?xml version="1.0" encoding="UTF-8"?>
<!-- Generated by org.testng.reporters.JUnitReportReporter -->
<testsuite hostname="EDM" failures="0" tests="1" name="com.orangeHRM.test.HomePageTest" time="12.577" errors="0" timestamp="2025-08-01T16:32:37 IST" skipped="0">
  <testcase classname="com.orangeHRM.test.HomePageTest" name="verifyHRMLogo" time="12.577"/>
</testsuite> <!-- com.orangeHRM.test.HomePageTest -->
