<?xml version="1.0" encoding="UTF-8"?>
<!-- Generated by org.testng.reporters.JUnitReportReporter -->
<testsuite hostname="EDM" failures="0" tests="1" name="com.orangeHRM.test.Dummy2" time="7.815" errors="0" timestamp="2025-07-31T12:21:29 IST" skipped="0">
  <testcase classname="com.orangeHRM.test.Dummy2" name="dummyMethod" time="7.815"/>
</testsuite> <!-- com.orangeHRM.test.Dummy2 -->
