<?xml version="1.0" encoding="UTF-8"?>
<!-- Generated by org.testng.reporters.JUnitReportReporter -->
<testsuite hostname="EDM" failures="0" tests="2" name="com.orangeHRM.test.LoginPageTest" time="135.239" errors="0" timestamp="2025-07-31T12:58:02 IST" skipped="0">
  <testcase classname="com.orangeHRM.test.LoginPageTest" name="verifyLoginWithValidCredentials" time="59.852"/>
  <testcase classname="com.orangeHRM.test.LoginPageTest" name="loginInvalidCredentials" time="75.387"/>
</testsuite> <!-- com.orangeHRM.test.LoginPageTest -->
