<?xml version="1.0" encoding="UTF-8"?>
<!-- Generated by org.testng.reporters.JUnitReportReporter -->
<testsuite hostname="EDM" failures="0" tests="1" name="com.orangeHRM.test.Dummy" time="24.554" errors="0" timestamp="2025-07-31T12:35:29 IST" skipped="0">
  <testcase classname="com.orangeHRM.test.Dummy" name="dummyMethod" time="24.554"/>
</testsuite> <!-- com.orangeHRM.test.Dummy -->
