<?xml version="1.0" encoding="UTF-8"?>
<!-- Generated by org.testng.reporters.JUnitReportReporter -->
<testsuite hostname="EDM" failures="0" tests="2" name="com.orangeHRM.test.LoginPageTest" time="35.946" errors="0" timestamp="2025-08-01T16:13:46 IST" skipped="0">
  <testcase classname="com.orangeHRM.test.LoginPageTest" name="loginInvalidCredentials" time="13.939"/>
  <testcase classname="com.orangeHRM.test.LoginPageTest" name="verifyLoginWithValidCredentials" time="22.007"/>
</testsuite> <!-- com.orangeHRM.test.LoginPageTest -->
