<?xml version="1.0" encoding="UTF-8"?>
<!-- Generated by org.testng.reporters.JUnitReportReporter -->
<testsuite hostname="EDM" failures="0" tests="1" name="com.orangeHRM.test.HomePageTest" time="18.984" errors="0" timestamp="2025-07-31T12:58:02 IST" skipped="0">
  <testcase classname="com.orangeHRM.test.HomePageTest" name="verifyHRMLogo" time="18.984"/>
</testsuite> <!-- com.orangeHRM.test.HomePageTest -->
