<?xml version="1.0" encoding="UTF-8"?>
<!-- Generated by org.testng.reporters.JUnitReportReporter -->
<testsuite hostname="EDM" failures="0" tests="2" name="com.orangeHRM.test.LoginPageTest" time="29.985" errors="0" timestamp="2025-08-01T15:59:09 IST" skipped="0">
  <testcase classname="com.orangeHRM.test.LoginPageTest" name="loginInvalidCredentials" time="12.116"/>
  <testcase classname="com.orangeHRM.test.LoginPageTest" name="verifyLoginWithValidCredentials" time="17.869"/>
</testsuite> <!-- com.orangeHRM.test.LoginPageTest -->
